{"C:\\Users\\debor\\Documents\\vegconnect\\vegconnect-backend\\app.js": {"path":"C:\\Users\\debor\\Documents\\vegconnect\\vegconnect-backend\\app.js","statementMap":{"0":{"start":{"line":1,"column":16},"end":{"line":1,"column":34}},"1":{"start":{"line":2,"column":13},"end":{"line":2,"column":28}},"2":{"start":{"line":3,"column":0},"end":{"line":3,"column":27}},"3":{"start":{"line":5,"column":19},"end":{"line":5,"column":49}},"4":{"start":{"line":6,"column":22},"end":{"line":6,"column":55}},"5":{"start":{"line":8,"column":12},"end":{"line":8,"column":21}},"6":{"start":{"line":10,"column":0},"end":{"line":10,"column":16}},"7":{"start":{"line":11,"column":0},"end":{"line":11,"column":24}},"8":{"start":{"line":13,"column":0},"end":{"line":13,"column":29}},"9":{"start":{"line":14,"column":0},"end":{"line":14,"column":35}},"10":{"start":{"line":16,"column":0},"end":{"line":16,"column":21}}},"fnMap":{},"branchMap":{},"s":{"0":1,"1":1,"2":1,"3":1,"4":1,"5":1,"6":1,"7":1,"8":1,"9":1,"10":1},"f":{},"b":{},"_coverageSchema":"1a1c01bbd47fc00a2c39e90264f33305004495a9","hash":"bce9b2520379dfd4de9bce2ffe69eef72dae7dff"}
,"C:\\Users\\debor\\Documents\\vegconnect\\vegconnect-backend\\config\\config.js": {"path":"C:\\Users\\debor\\Documents\\vegconnect\\vegconnect-backend\\config\\config.js","statementMap":{"0":{"start":{"line":1,"column":0},"end":{"line":3,"column":1}},"1":{"start":{"line":2,"column":2},"end":{"line":2,"column":29}},"2":{"start":{"line":5,"column":0},"end":{"line":38,"column":2}}},"fnMap":{},"branchMap":{"0":{"loc":{"start":{"line":1,"column":0},"end":{"line":3,"column":1}},"type":"if","locations":[{"start":{"line":1,"column":0},"end":{"line":3,"column":1}},{"start":{},"end":{}}],"line":1},"1":{"loc":{"start":{"line":12,"column":13},"end":{"line":12,"column":46}},"type":"binary-expr","locations":[{"start":{"line":12,"column":13},"end":{"line":12,"column":35}},{"start":{"line":12,"column":39},"end":{"line":12,"column":46}}],"line":12},"2":{"loc":{"start":{"line":35,"column":13},"end":{"line":35,"column":46}},"type":"binary-expr","locations":[{"start":{"line":35,"column":13},"end":{"line":35,"column":35}},{"start":{"line":35,"column":39},"end":{"line":35,"column":46}}],"line":35}},"s":{"0":1,"1":0,"2":1},"f":{},"b":{"0":[0,1],"1":[1,0],"2":[1,0]},"_coverageSchema":"1a1c01bbd47fc00a2c39e90264f33305004495a9","hash":"bc71eda26349c0be0c49fd6e1a604d739ed0a292"}
,"C:\\Users\\debor\\Documents\\vegconnect\\vegconnect-backend\\config\\mail.Config.js": {"path":"C:\\Users\\debor\\Documents\\vegconnect\\vegconnect-backend\\config\\mail.Config.js","statementMap":{"0":{"start":{"line":1,"column":19},"end":{"line":1,"column":40}},"1":{"start":{"line":3,"column":20},"end":{"line":9,"column":2}},"2":{"start":{"line":11,"column":0},"end":{"line":11,"column":29}}},"fnMap":{},"branchMap":{},"s":{"0":1,"1":1,"2":1},"f":{},"b":{},"_coverageSchema":"1a1c01bbd47fc00a2c39e90264f33305004495a9","hash":"f32fc9d6f54846bc58ee581a4bbda03d5eb7871e"}
,"C:\\Users\\debor\\Documents\\vegconnect\\vegconnect-backend\\controllers\\authController.js": {"path":"C:\\Users\\debor\\Documents\\vegconnect\\vegconnect-backend\\controllers\\authController.js","statementMap":{"0":{"start":{"line":1,"column":20},"end":{"line":1,"column":40}},"1":{"start":{"line":2,"column":15},"end":{"line":2,"column":34}},"2":{"start":{"line":3,"column":12},"end":{"line":3,"column":35}},"3":{"start":{"line":4,"column":15},"end":{"line":4,"column":32}},"4":{"start":{"line":5,"column":20},"end":{"line":5,"column":52}},"5":{"start":{"line":6,"column":15},"end":{"line":6,"column":35}},"6":{"start":{"line":7,"column":0},"end":{"line":7,"column":27}},"7":{"start":{"line":10,"column":0},"end":{"line":50,"column":2}},"8":{"start":{"line":11,"column":20},"end":{"line":11,"column":28}},"9":{"start":{"line":13,"column":2},"end":{"line":49,"column":3}},"10":{"start":{"line":14,"column":20},"end":{"line":14,"column":63}},"11":{"start":{"line":16,"column":4},"end":{"line":18,"column":5}},"12":{"start":{"line":17,"column":6},"end":{"line":17,"column":73}},"13":{"start":{"line":20,"column":18},"end":{"line":20,"column":56}},"14":{"start":{"line":21,"column":22},"end":{"line":21,"column":32}},"15":{"start":{"line":22,"column":4},"end":{"line":22,"column":49}},"16":{"start":{"line":24,"column":4},"end":{"line":27,"column":7}},"17":{"start":{"line":29,"column":24},"end":{"line":41,"column":5}},"18":{"start":{"line":43,"column":4},"end":{"line":43,"column":44}},"19":{"start":{"line":45,"column":4},"end":{"line":45,"column":79}},"20":{"start":{"line":47,"column":4},"end":{"line":47,"column":51}},"21":{"start":{"line":48,"column":4},"end":{"line":48,"column":74}},"22":{"start":{"line":53,"column":0},"end":{"line":81,"column":2}},"23":{"start":{"line":54,"column":31},"end":{"line":54,"column":39}},"24":{"start":{"line":56,"column":2},"end":{"line":80,"column":3}},"25":{"start":{"line":57,"column":20},"end":{"line":62,"column":6}},"26":{"start":{"line":64,"column":4},"end":{"line":66,"column":5}},"27":{"start":{"line":65,"column":6},"end":{"line":65,"column":78}},"28":{"start":{"line":68,"column":22},"end":{"line":68,"column":54}},"29":{"start":{"line":70,"column":4},"end":{"line":74,"column":7}},"30":{"start":{"line":76,"column":4},"end":{"line":76,"column":66}},"31":{"start":{"line":78,"column":4},"end":{"line":78,"column":53}},"32":{"start":{"line":79,"column":4},"end":{"line":79,"column":74}},"33":{"start":{"line":84,"column":0},"end":{"line":126,"column":2}},"34":{"start":{"line":85,"column":27},"end":{"line":85,"column":35}},"35":{"start":{"line":87,"column":2},"end":{"line":125,"column":3}},"36":{"start":{"line":88,"column":4},"end":{"line":92,"column":5}},"37":{"start":{"line":89,"column":6},"end":{"line":91,"column":65}},"38":{"start":{"line":94,"column":20},"end":{"line":94,"column":63}},"39":{"start":{"line":96,"column":4},"end":{"line":98,"column":5}},"40":{"start":{"line":97,"column":6},"end":{"line":97,"column":69}},"41":{"start":{"line":100,"column":25},"end":{"line":100,"column":67}},"42":{"start":{"line":102,"column":4},"end":{"line":104,"column":5}},"43":{"start":{"line":103,"column":6},"end":{"line":103,"column":63}},"44":{"start":{"line":106,"column":18},"end":{"line":110,"column":5}},"45":{"start":{"line":112,"column":4},"end":{"line":121,"column":7}},"46":{"start":{"line":123,"column":4},"end":{"line":123,"column":49}},"47":{"start":{"line":124,"column":4},"end":{"line":124,"column":63}},"48":{"start":{"line":128,"column":0},"end":{"line":223,"column":2}},"49":{"start":{"line":151,"column":6},"end":{"line":151,"column":14}},"50":{"start":{"line":153,"column":2},"end":{"line":157,"column":3}},"51":{"start":{"line":154,"column":4},"end":{"line":156,"column":63}},"52":{"start":{"line":159,"column":2},"end":{"line":222,"column":3}},"53":{"start":{"line":160,"column":29},"end":{"line":160,"column":72}},"54":{"start":{"line":162,"column":4},"end":{"line":164,"column":5}},"55":{"start":{"line":163,"column":6},"end":{"line":163,"column":68}},"56":{"start":{"line":167,"column":4},"end":{"line":179,"column":5}},"57":{"start":{"line":168,"column":6},"end":{"line":172,"column":7}},"58":{"start":{"line":169,"column":8},"end":{"line":171,"column":11}},"59":{"start":{"line":173,"column":11},"end":{"line":179,"column":5}},"60":{"start":{"line":174,"column":6},"end":{"line":178,"column":7}},"61":{"start":{"line":175,"column":8},"end":{"line":177,"column":11}},"62":{"start":{"line":181,"column":31},"end":{"line":181,"column":59}},"63":{"start":{"line":183,"column":24},"end":{"line":205,"column":6}},"64":{"start":{"line":207,"column":4},"end":{"line":218,"column":7}},"65":{"start":{"line":220,"column":4},"end":{"line":220,"column":55}},"66":{"start":{"line":221,"column":4},"end":{"line":221,"column":79}}},"fnMap":{"0":{"name":"(anonymous_0)","decl":{"start":{"line":10,"column":36},"end":{"line":10,"column":37}},"loc":{"start":{"line":10,"column":56},"end":{"line":50,"column":1}},"line":10},"1":{"name":"(anonymous_1)","decl":{"start":{"line":53,"column":25},"end":{"line":53,"column":26}},"loc":{"start":{"line":53,"column":45},"end":{"line":81,"column":1}},"line":53},"2":{"name":"(anonymous_2)","decl":{"start":{"line":84,"column":17},"end":{"line":84,"column":18}},"loc":{"start":{"line":84,"column":37},"end":{"line":126,"column":1}},"line":84},"3":{"name":"(anonymous_3)","decl":{"start":{"line":128,"column":17},"end":{"line":128,"column":18}},"loc":{"start":{"line":128,"column":37},"end":{"line":223,"column":1}},"line":128}},"branchMap":{"0":{"loc":{"start":{"line":16,"column":4},"end":{"line":18,"column":5}},"type":"if","locations":[{"start":{"line":16,"column":4},"end":{"line":18,"column":5}},{"start":{},"end":{}}],"line":16},"1":{"loc":{"start":{"line":64,"column":4},"end":{"line":66,"column":5}},"type":"if","locations":[{"start":{"line":64,"column":4},"end":{"line":66,"column":5}},{"start":{},"end":{}}],"line":64},"2":{"loc":{"start":{"line":88,"column":4},"end":{"line":92,"column":5}},"type":"if","locations":[{"start":{"line":88,"column":4},"end":{"line":92,"column":5}},{"start":{},"end":{}}],"line":88},"3":{"loc":{"start":{"line":88,"column":8},"end":{"line":88,"column":24}},"type":"binary-expr","locations":[{"start":{"line":88,"column":8},"end":{"line":88,"column":14}},{"start":{"line":88,"column":18},"end":{"line":88,"column":24}}],"line":88},"4":{"loc":{"start":{"line":96,"column":4},"end":{"line":98,"column":5}},"type":"if","locations":[{"start":{"line":96,"column":4},"end":{"line":98,"column":5}},{"start":{},"end":{}}],"line":96},"5":{"loc":{"start":{"line":102,"column":4},"end":{"line":104,"column":5}},"type":"if","locations":[{"start":{"line":102,"column":4},"end":{"line":104,"column":5}},{"start":{},"end":{}}],"line":102},"6":{"loc":{"start":{"line":153,"column":2},"end":{"line":157,"column":3}},"type":"if","locations":[{"start":{"line":153,"column":2},"end":{"line":157,"column":3}},{"start":{},"end":{}}],"line":153},"7":{"loc":{"start":{"line":153,"column":6},"end":{"line":153,"column":63}},"type":"binary-expr","locations":[{"start":{"line":153,"column":6},"end":{"line":153,"column":11}},{"start":{"line":153,"column":15},"end":{"line":153,"column":21}},{"start":{"line":153,"column":25},"end":{"line":153,"column":31}},{"start":{"line":153,"column":35},"end":{"line":153,"column":51}},{"start":{"line":153,"column":55},"end":{"line":153,"column":63}}],"line":153},"8":{"loc":{"start":{"line":162,"column":4},"end":{"line":164,"column":5}},"type":"if","locations":[{"start":{"line":162,"column":4},"end":{"line":164,"column":5}},{"start":{},"end":{}}],"line":162},"9":{"loc":{"start":{"line":167,"column":4},"end":{"line":179,"column":5}},"type":"if","locations":[{"start":{"line":167,"column":4},"end":{"line":179,"column":5}},{"start":{"line":173,"column":11},"end":{"line":179,"column":5}}],"line":167},"10":{"loc":{"start":{"line":168,"column":6},"end":{"line":172,"column":7}},"type":"if","locations":[{"start":{"line":168,"column":6},"end":{"line":172,"column":7}},{"start":{},"end":{}}],"line":168},"11":{"loc":{"start":{"line":168,"column":10},"end":{"line":168,"column":52}},"type":"binary-expr","locations":[{"start":{"line":168,"column":10},"end":{"line":168,"column":19}},{"start":{"line":168,"column":23},"end":{"line":168,"column":31}},{"start":{"line":168,"column":35},"end":{"line":168,"column":40}},{"start":{"line":168,"column":44},"end":{"line":168,"column":52}}],"line":168},"12":{"loc":{"start":{"line":173,"column":11},"end":{"line":179,"column":5}},"type":"if","locations":[{"start":{"line":173,"column":11},"end":{"line":179,"column":5}},{"start":{},"end":{}}],"line":173},"13":{"loc":{"start":{"line":174,"column":6},"end":{"line":178,"column":7}},"type":"if","locations":[{"start":{"line":174,"column":6},"end":{"line":178,"column":7}},{"start":{},"end":{}}],"line":174}},"s":{"0":1,"1":1,"2":1,"3":1,"4":1,"5":1,"6":1,"7":1,"8":0,"9":0,"10":0,"11":0,"12":0,"13":0,"14":0,"15":0,"16":0,"17":0,"18":0,"19":0,"20":0,"21":0,"22":1,"23":0,"24":0,"25":0,"26":0,"27":0,"28":0,"29":0,"30":0,"31":0,"32":0,"33":1,"34":0,"35":0,"36":0,"37":0,"38":0,"39":0,"40":0,"41":0,"42":0,"43":0,"44":0,"45":0,"46":0,"47":0,"48":1,"49":0,"50":0,"51":0,"52":0,"53":0,"54":0,"55":0,"56":0,"57":0,"58":0,"59":0,"60":0,"61":0,"62":0,"63":0,"64":0,"65":0,"66":0},"f":{"0":0,"1":0,"2":0,"3":0},"b":{"0":[0,0],"1":[0,0],"2":[0,0],"3":[0,0],"4":[0,0],"5":[0,0],"6":[0,0],"7":[0,0,0,0,0],"8":[0,0],"9":[0,0],"10":[0,0],"11":[0,0,0,0],"12":[0,0],"13":[0,0]},"_coverageSchema":"1a1c01bbd47fc00a2c39e90264f33305004495a9","hash":"ce41df7656af6a5c87c300e9dddb496c2720253a"}
,"C:\\Users\\debor\\Documents\\vegconnect\\vegconnect-backend\\controllers\\postagemController.js": {"path":"C:\\Users\\debor\\Documents\\vegconnect\\vegconnect-backend\\controllers\\postagemController.js","statementMap":{"0":{"start":{"line":1,"column":21},"end":{"line":1,"column":41}},"1":{"start":{"line":3,"column":27},"end":{"line":114,"column":1}},"2":{"start":{"line":5,"column":4},"end":{"line":112,"column":5}},"3":{"start":{"line":25,"column":10},"end":{"line":25,"column":18}},"4":{"start":{"line":27,"column":40},"end":{"line":27,"column":48}},"5":{"start":{"line":30,"column":25},"end":{"line":40,"column":7}},"6":{"start":{"line":42,"column":6},"end":{"line":46,"column":7}},"7":{"start":{"line":43,"column":8},"end":{"line":45,"column":11}},"8":{"start":{"line":49,"column":6},"end":{"line":53,"column":7}},"9":{"start":{"line":50,"column":8},"end":{"line":52,"column":63}},"10":{"start":{"line":55,"column":6},"end":{"line":62,"column":7}},"11":{"start":{"line":59,"column":8},"end":{"line":61,"column":11}},"12":{"start":{"line":64,"column":24},"end":{"line":72,"column":7}},"13":{"start":{"line":75,"column":6},"end":{"line":103,"column":7}},"14":{"start":{"line":77,"column":10},"end":{"line":82,"column":13}},"15":{"start":{"line":83,"column":10},"end":{"line":83,"column":16}},"16":{"start":{"line":86,"column":10},"end":{"line":89,"column":13}},"17":{"start":{"line":90,"column":10},"end":{"line":90,"column":16}},"18":{"start":{"line":93,"column":10},"end":{"line":101,"column":13}},"19":{"start":{"line":102,"column":10},"end":{"line":102,"column":16}},"20":{"start":{"line":106,"column":27},"end":{"line":106,"column":59}},"21":{"start":{"line":108,"column":6},"end":{"line":108,"column":48}},"22":{"start":{"line":110,"column":6},"end":{"line":110,"column":27}},"23":{"start":{"line":111,"column":6},"end":{"line":111,"column":71}},"24":{"start":{"line":116,"column":0},"end":{"line":116,"column":36}}},"fnMap":{"0":{"name":"(anonymous_0)","decl":{"start":{"line":4,"column":2},"end":{"line":4,"column":3}},"loc":{"start":{"line":4,"column":24},"end":{"line":113,"column":3}},"line":4}},"branchMap":{"0":{"loc":{"start":{"line":42,"column":6},"end":{"line":46,"column":7}},"type":"if","locations":[{"start":{"line":42,"column":6},"end":{"line":46,"column":7}},{"start":{},"end":{}}],"line":42},"1":{"loc":{"start":{"line":49,"column":6},"end":{"line":53,"column":7}},"type":"if","locations":[{"start":{"line":49,"column":6},"end":{"line":53,"column":7}},{"start":{},"end":{}}],"line":49},"2":{"loc":{"start":{"line":55,"column":6},"end":{"line":62,"column":7}},"type":"if","locations":[{"start":{"line":55,"column":6},"end":{"line":62,"column":7}},{"start":{},"end":{}}],"line":55},"3":{"loc":{"start":{"line":56,"column":8},"end":{"line":57,"column":15}},"type":"binary-expr","locations":[{"start":{"line":56,"column":8},"end":{"line":56,"column":66}},{"start":{"line":57,"column":8},"end":{"line":57,"column":15}}],"line":56},"4":{"loc":{"start":{"line":67,"column":16},"end":{"line":67,"column":30}},"type":"binary-expr","locations":[{"start":{"line":67,"column":16},"end":{"line":67,"column":22}},{"start":{"line":67,"column":26},"end":{"line":67,"column":30}}],"line":67},"5":{"loc":{"start":{"line":69,"column":19},"end":{"line":69,"column":36}},"type":"binary-expr","locations":[{"start":{"line":69,"column":19},"end":{"line":69,"column":28}},{"start":{"line":69,"column":32},"end":{"line":69,"column":36}}],"line":69},"6":{"loc":{"start":{"line":70,"column":13},"end":{"line":70,"column":24}},"type":"binary-expr","locations":[{"start":{"line":70,"column":13},"end":{"line":70,"column":16}},{"start":{"line":70,"column":20},"end":{"line":70,"column":24}}],"line":70},"7":{"loc":{"start":{"line":75,"column":6},"end":{"line":103,"column":7}},"type":"switch","locations":[{"start":{"line":76,"column":8},"end":{"line":83,"column":16}},{"start":{"line":85,"column":8},"end":{"line":90,"column":16}},{"start":{"line":92,"column":8},"end":{"line":102,"column":16}}],"line":75}},"s":{"0":1,"1":1,"2":1,"3":1,"4":1,"5":1,"6":1,"7":0,"8":1,"9":0,"10":1,"11":0,"12":1,"13":1,"14":1,"15":1,"16":0,"17":0,"18":0,"19":0,"20":1,"21":1,"22":0,"23":0,"24":1},"f":{"0":1},"b":{"0":[0,1],"1":[0,1],"2":[0,1],"3":[1,1],"4":[1,0],"5":[1,0],"6":[1,1],"7":[1,0,0]},"_coverageSchema":"1a1c01bbd47fc00a2c39e90264f33305004495a9","hash":"205f24267766030d50ae14a29f144e62546f9209"}
,"C:\\Users\\debor\\Documents\\vegconnect\\vegconnect-backend\\controllers\\usuarioController.js": {"path":"C:\\Users\\debor\\Documents\\vegconnect\\vegconnect-backend\\controllers\\usuarioController.js","statementMap":{"0":{"start":{"line":1,"column":20},"end":{"line":1,"column":40}},"1":{"start":{"line":3,"column":0},"end":{"line":91,"column":2}},"2":{"start":{"line":4,"column":22},"end":{"line":4,"column":30}},"3":{"start":{"line":5,"column":2},"end":{"line":5,"column":61}},"4":{"start":{"line":25,"column":6},"end":{"line":25,"column":14}},"5":{"start":{"line":27,"column":2},"end":{"line":90,"column":3}},"6":{"start":{"line":28,"column":20},"end":{"line":28,"column":51}},"7":{"start":{"line":30,"column":4},"end":{"line":32,"column":5}},"8":{"start":{"line":31,"column":6},"end":{"line":31,"column":70}},"9":{"start":{"line":35,"column":4},"end":{"line":47,"column":5}},"10":{"start":{"line":36,"column":6},"end":{"line":40,"column":7}},"11":{"start":{"line":37,"column":8},"end":{"line":39,"column":11}},"12":{"start":{"line":41,"column":11},"end":{"line":47,"column":5}},"13":{"start":{"line":42,"column":6},"end":{"line":46,"column":7}},"14":{"start":{"line":43,"column":8},"end":{"line":45,"column":11}},"15":{"start":{"line":49,"column":32},"end":{"line":67,"column":5}},"16":{"start":{"line":70,"column":4},"end":{"line":74,"column":6}},"17":{"start":{"line":72,"column":8},"end":{"line":73,"column":39}},"18":{"start":{"line":76,"column":4},"end":{"line":76,"column":63}},"19":{"start":{"line":78,"column":4},"end":{"line":78,"column":46}},"20":{"start":{"line":80,"column":4},"end":{"line":80,"column":44}},"21":{"start":{"line":82,"column":30},"end":{"line":84,"column":6}},"22":{"start":{"line":86,"column":4},"end":{"line":86,"column":51}},"23":{"start":{"line":88,"column":4},"end":{"line":88,"column":54}},"24":{"start":{"line":89,"column":4},"end":{"line":89,"column":70}},"25":{"start":{"line":93,"column":0},"end":{"line":112,"column":2}},"26":{"start":{"line":94,"column":22},"end":{"line":94,"column":30}},"27":{"start":{"line":96,"column":2},"end":{"line":111,"column":3}},"28":{"start":{"line":97,"column":20},"end":{"line":101,"column":6}},"29":{"start":{"line":103,"column":4},"end":{"line":105,"column":5}},"30":{"start":{"line":104,"column":6},"end":{"line":104,"column":69}},"31":{"start":{"line":107,"column":4},"end":{"line":107,"column":41}},"32":{"start":{"line":109,"column":4},"end":{"line":109,"column":53}},"33":{"start":{"line":110,"column":4},"end":{"line":110,"column":70}}},"fnMap":{"0":{"name":"(anonymous_0)","decl":{"start":{"line":3,"column":26},"end":{"line":3,"column":27}},"loc":{"start":{"line":3,"column":46},"end":{"line":91,"column":1}},"line":3},"1":{"name":"(anonymous_1)","decl":{"start":{"line":71,"column":6},"end":{"line":71,"column":7}},"loc":{"start":{"line":72,"column":8},"end":{"line":73,"column":39}},"line":72},"2":{"name":"(anonymous_2)","decl":{"start":{"line":93,"column":20},"end":{"line":93,"column":21}},"loc":{"start":{"line":93,"column":40},"end":{"line":112,"column":1}},"line":93}},"branchMap":{"0":{"loc":{"start":{"line":30,"column":4},"end":{"line":32,"column":5}},"type":"if","locations":[{"start":{"line":30,"column":4},"end":{"line":32,"column":5}},{"start":{},"end":{}}],"line":30},"1":{"loc":{"start":{"line":35,"column":4},"end":{"line":47,"column":5}},"type":"if","locations":[{"start":{"line":35,"column":4},"end":{"line":47,"column":5}},{"start":{"line":41,"column":11},"end":{"line":47,"column":5}}],"line":35},"2":{"loc":{"start":{"line":36,"column":6},"end":{"line":40,"column":7}},"type":"if","locations":[{"start":{"line":36,"column":6},"end":{"line":40,"column":7}},{"start":{},"end":{}}],"line":36},"3":{"loc":{"start":{"line":36,"column":10},"end":{"line":36,"column":52}},"type":"binary-expr","locations":[{"start":{"line":36,"column":10},"end":{"line":36,"column":19}},{"start":{"line":36,"column":23},"end":{"line":36,"column":31}},{"start":{"line":36,"column":35},"end":{"line":36,"column":40}},{"start":{"line":36,"column":44},"end":{"line":36,"column":52}}],"line":36},"4":{"loc":{"start":{"line":41,"column":11},"end":{"line":47,"column":5}},"type":"if","locations":[{"start":{"line":41,"column":11},"end":{"line":47,"column":5}},{"start":{},"end":{}}],"line":41},"5":{"loc":{"start":{"line":42,"column":6},"end":{"line":46,"column":7}},"type":"if","locations":[{"start":{"line":42,"column":6},"end":{"line":46,"column":7}},{"start":{},"end":{}}],"line":42},"6":{"loc":{"start":{"line":72,"column":8},"end":{"line":73,"column":39}},"type":"binary-expr","locations":[{"start":{"line":72,"column":8},"end":{"line":72,"column":46}},{"start":{"line":73,"column":8},"end":{"line":73,"column":39}}],"line":72},"7":{"loc":{"start":{"line":103,"column":4},"end":{"line":105,"column":5}},"type":"if","locations":[{"start":{"line":103,"column":4},"end":{"line":105,"column":5}},{"start":{},"end":{}}],"line":103}},"s":{"0":1,"1":1,"2":0,"3":0,"4":0,"5":0,"6":0,"7":0,"8":0,"9":0,"10":0,"11":0,"12":0,"13":0,"14":0,"15":0,"16":0,"17":0,"18":0,"19":0,"20":0,"21":0,"22":0,"23":0,"24":0,"25":1,"26":0,"27":0,"28":0,"29":0,"30":0,"31":0,"32":0,"33":0},"f":{"0":0,"1":0,"2":0},"b":{"0":[0,0],"1":[0,0],"2":[0,0],"3":[0,0,0,0],"4":[0,0],"5":[0,0],"6":[0,0],"7":[0,0]},"_coverageSchema":"1a1c01bbd47fc00a2c39e90264f33305004495a9","hash":"0da01ba3b42045d7b25979e5c91cf717022fd79c"}
,"C:\\Users\\debor\\Documents\\vegconnect\\vegconnect-backend\\models\\administrador.js": {"path":"C:\\Users\\debor\\Documents\\vegconnect\\vegconnect-backend\\models\\administrador.js","statementMap":{"0":{"start":{"line":2,"column":18},"end":{"line":2,"column":38}},"1":{"start":{"line":4,"column":0},"end":{"line":39,"column":2}},"2":{"start":{"line":7,"column":6},"end":{"line":7,"column":77}},"3":{"start":{"line":11,"column":2},"end":{"line":36,"column":4}},"4":{"start":{"line":38,"column":2},"end":{"line":38,"column":23}}},"fnMap":{"0":{"name":"(anonymous_0)","decl":{"start":{"line":4,"column":17},"end":{"line":4,"column":18}},"loc":{"start":{"line":4,"column":43},"end":{"line":39,"column":1}},"line":4},"1":{"name":"(anonymous_1)","decl":{"start":{"line":6,"column":4},"end":{"line":6,"column":5}},"loc":{"start":{"line":6,"column":29},"end":{"line":8,"column":5}},"line":6}},"branchMap":{},"s":{"0":1,"1":1,"2":1,"3":1,"4":1},"f":{"0":1,"1":1},"b":{},"_coverageSchema":"1a1c01bbd47fc00a2c39e90264f33305004495a9","hash":"e3af244916d7a5c05f777e2548ef878b5c0a9c8a"}
,"C:\\Users\\debor\\Documents\\vegconnect\\vegconnect-backend\\models\\index.js": {"path":"C:\\Users\\debor\\Documents\\vegconnect\\vegconnect-backend\\models\\index.js","statementMap":{"0":{"start":{"line":1,"column":11},"end":{"line":1,"column":24}},"1":{"start":{"line":2,"column":13},"end":{"line":2,"column":28}},"2":{"start":{"line":3,"column":18},"end":{"line":3,"column":38}},"3":{"start":{"line":4,"column":17},"end":{"line":4,"column":42}},"4":{"start":{"line":6,"column":12},"end":{"line":6,"column":49}},"5":{"start":{"line":7,"column":0},"end":{"line":9,"column":1}},"6":{"start":{"line":8,"column":2},"end":{"line":8,"column":29}},"7":{"start":{"line":11,"column":15},"end":{"line":11,"column":63}},"8":{"start":{"line":13,"column":0},"end":{"line":13,"column":33}},"9":{"start":{"line":14,"column":0},"end":{"line":14,"column":63}},"10":{"start":{"line":16,"column":18},"end":{"line":21,"column":1}},"11":{"start":{"line":23,"column":0},"end":{"line":26,"column":73}},"12":{"start":{"line":25,"column":14},"end":{"line":25,"column":59}},"13":{"start":{"line":26,"column":18},"end":{"line":26,"column":71}},"14":{"start":{"line":28,"column":0},"end":{"line":28,"column":27}},"15":{"start":{"line":30,"column":11},"end":{"line":30,"column":13}},"16":{"start":{"line":32,"column":16},"end":{"line":32,"column":68}},"17":{"start":{"line":33,"column":0},"end":{"line":33,"column":21}},"18":{"start":{"line":36,"column":0},"end":{"line":47,"column":5}},"19":{"start":{"line":39,"column":6},"end":{"line":39,"column":78}},"20":{"start":{"line":42,"column":18},"end":{"line":45,"column":5}},"21":{"start":{"line":46,"column":4},"end":{"line":46,"column":27}},"22":{"start":{"line":50,"column":0},"end":{"line":54,"column":3}},"23":{"start":{"line":51,"column":2},"end":{"line":53,"column":3}},"24":{"start":{"line":52,"column":4},"end":{"line":52,"column":32}},"25":{"start":{"line":57,"column":0},"end":{"line":57,"column":25}},"26":{"start":{"line":58,"column":0},"end":{"line":58,"column":25}},"27":{"start":{"line":60,"column":0},"end":{"line":60,"column":20}}},"fnMap":{"0":{"name":"(anonymous_0)","decl":{"start":{"line":25,"column":8},"end":{"line":25,"column":9}},"loc":{"start":{"line":25,"column":14},"end":{"line":25,"column":59}},"line":25},"1":{"name":"(anonymous_1)","decl":{"start":{"line":26,"column":9},"end":{"line":26,"column":10}},"loc":{"start":{"line":26,"column":18},"end":{"line":26,"column":71}},"line":26},"2":{"name":"(anonymous_2)","decl":{"start":{"line":38,"column":4},"end":{"line":38,"column":5}},"loc":{"start":{"line":39,"column":6},"end":{"line":39,"column":78}},"line":39},"3":{"name":"(anonymous_3)","decl":{"start":{"line":41,"column":11},"end":{"line":41,"column":12}},"loc":{"start":{"line":41,"column":21},"end":{"line":47,"column":3}},"line":41},"4":{"name":"(anonymous_4)","decl":{"start":{"line":50,"column":24},"end":{"line":50,"column":25}},"loc":{"start":{"line":50,"column":39},"end":{"line":54,"column":1}},"line":50}},"branchMap":{"0":{"loc":{"start":{"line":6,"column":12},"end":{"line":6,"column":49}},"type":"binary-expr","locations":[{"start":{"line":6,"column":12},"end":{"line":6,"column":32}},{"start":{"line":6,"column":36},"end":{"line":6,"column":49}}],"line":6},"1":{"loc":{"start":{"line":7,"column":0},"end":{"line":9,"column":1}},"type":"if","locations":[{"start":{"line":7,"column":0},"end":{"line":9,"column":1}},{"start":{},"end":{}}],"line":7},"2":{"loc":{"start":{"line":39,"column":6},"end":{"line":39,"column":78}},"type":"binary-expr","locations":[{"start":{"line":39,"column":6},"end":{"line":39,"column":29}},{"start":{"line":39,"column":33},"end":{"line":39,"column":50}},{"start":{"line":39,"column":54},"end":{"line":39,"column":78}}],"line":39},"3":{"loc":{"start":{"line":51,"column":2},"end":{"line":53,"column":3}},"type":"if","locations":[{"start":{"line":51,"column":2},"end":{"line":53,"column":3}},{"start":{},"end":{}}],"line":51}},"s":{"0":1,"1":1,"2":1,"3":1,"4":1,"5":1,"6":0,"7":1,"8":1,"9":1,"10":1,"11":1,"12":1,"13":0,"14":1,"15":1,"16":1,"17":1,"18":1,"19":7,"20":6,"21":6,"22":1,"23":6,"24":6,"25":1,"26":1,"27":1},"f":{"0":1,"1":0,"2":7,"3":6,"4":6},"b":{"0":[1,0],"1":[0,1],"2":[7,7,6],"3":[6,0]},"_coverageSchema":"1a1c01bbd47fc00a2c39e90264f33305004495a9","hash":"826157eca32b714d1626e2f666d27d587a18d364"}
,"C:\\Users\\debor\\Documents\\vegconnect\\vegconnect-backend\\models\\postagem.js": {"path":"C:\\Users\\debor\\Documents\\vegconnect\\vegconnect-backend\\models\\postagem.js","statementMap":{"0":{"start":{"line":3,"column":29},"end":{"line":3,"column":49}},"1":{"start":{"line":5,"column":0},"end":{"line":139,"column":2}},"2":{"start":{"line":8,"column":6},"end":{"line":12,"column":9}},"3":{"start":{"line":16,"column":2},"end":{"line":136,"column":4}},"4":{"start":{"line":138,"column":2},"end":{"line":138,"column":18}}},"fnMap":{"0":{"name":"(anonymous_0)","decl":{"start":{"line":5,"column":17},"end":{"line":5,"column":18}},"loc":{"start":{"line":5,"column":32},"end":{"line":139,"column":1}},"line":5},"1":{"name":"(anonymous_1)","decl":{"start":{"line":7,"column":4},"end":{"line":7,"column":5}},"loc":{"start":{"line":7,"column":29},"end":{"line":13,"column":5}},"line":7}},"branchMap":{},"s":{"0":1,"1":1,"2":1,"3":1,"4":1},"f":{"0":1,"1":1},"b":{},"_coverageSchema":"1a1c01bbd47fc00a2c39e90264f33305004495a9","hash":"7a3f463be0995cd081782c5ebfdc61c99004ffba"}
,"C:\\Users\\debor\\Documents\\vegconnect\\vegconnect-backend\\models\\usuario.js": {"path":"C:\\Users\\debor\\Documents\\vegconnect\\vegconnect-backend\\models\\usuario.js","statementMap":{"0":{"start":{"line":2,"column":18},"end":{"line":2,"column":38}},"1":{"start":{"line":4,"column":0},"end":{"line":132,"column":2}},"2":{"start":{"line":7,"column":6},"end":{"line":7,"column":73}},"3":{"start":{"line":8,"column":6},"end":{"line":10,"column":9}},"4":{"start":{"line":11,"column":6},"end":{"line":11,"column":74}},"5":{"start":{"line":12,"column":6},"end":{"line":12,"column":70}},"6":{"start":{"line":16,"column":2},"end":{"line":129,"column":4}},"7":{"start":{"line":131,"column":2},"end":{"line":131,"column":17}}},"fnMap":{"0":{"name":"(anonymous_0)","decl":{"start":{"line":4,"column":17},"end":{"line":4,"column":18}},"loc":{"start":{"line":4,"column":43},"end":{"line":132,"column":1}},"line":4},"1":{"name":"(anonymous_1)","decl":{"start":{"line":6,"column":4},"end":{"line":6,"column":5}},"loc":{"start":{"line":6,"column":29},"end":{"line":13,"column":5}},"line":6}},"branchMap":{},"s":{"0":1,"1":1,"2":1,"3":1,"4":1,"5":1,"6":2,"7":2},"f":{"0":2,"1":1},"b":{},"_coverageSchema":"1a1c01bbd47fc00a2c39e90264f33305004495a9","hash":"f8d4d0b141c575e8bc15228d80dcc11a6a44a04b"}
,"C:\\Users\\debor\\Documents\\vegconnect\\vegconnect-backend\\models\\usuario_chef.js": {"path":"C:\\Users\\debor\\Documents\\vegconnect\\vegconnect-backend\\models\\usuario_chef.js","statementMap":{"0":{"start":{"line":2,"column":18},"end":{"line":2,"column":38}},"1":{"start":{"line":4,"column":0},"end":{"line":39,"column":2}},"2":{"start":{"line":7,"column":6},"end":{"line":7,"column":76}},"3":{"start":{"line":11,"column":2},"end":{"line":36,"column":4}},"4":{"start":{"line":38,"column":2},"end":{"line":38,"column":21}}},"fnMap":{"0":{"name":"(anonymous_0)","decl":{"start":{"line":4,"column":17},"end":{"line":4,"column":18}},"loc":{"start":{"line":4,"column":43},"end":{"line":39,"column":1}},"line":4},"1":{"name":"(anonymous_1)","decl":{"start":{"line":6,"column":4},"end":{"line":6,"column":5}},"loc":{"start":{"line":6,"column":29},"end":{"line":8,"column":5}},"line":6}},"branchMap":{},"s":{"0":1,"1":1,"2":1,"3":1,"4":1},"f":{"0":1,"1":1},"b":{},"_coverageSchema":"1a1c01bbd47fc00a2c39e90264f33305004495a9","hash":"70cd192df12f8b7df20f781b8353a4aa0ee9a22f"}
,"C:\\Users\\debor\\Documents\\vegconnect\\vegconnect-backend\\models\\usuario_comerciante.js": {"path":"C:\\Users\\debor\\Documents\\vegconnect\\vegconnect-backend\\models\\usuario_comerciante.js","statementMap":{"0":{"start":{"line":2,"column":18},"end":{"line":2,"column":38}},"1":{"start":{"line":4,"column":0},"end":{"line":62,"column":2}},"2":{"start":{"line":7,"column":6},"end":{"line":9,"column":9}},"3":{"start":{"line":13,"column":2},"end":{"line":59,"column":4}},"4":{"start":{"line":61,"column":2},"end":{"line":61,"column":28}}},"fnMap":{"0":{"name":"(anonymous_0)","decl":{"start":{"line":4,"column":17},"end":{"line":4,"column":18}},"loc":{"start":{"line":4,"column":43},"end":{"line":62,"column":1}},"line":4},"1":{"name":"(anonymous_1)","decl":{"start":{"line":6,"column":4},"end":{"line":6,"column":5}},"loc":{"start":{"line":6,"column":29},"end":{"line":10,"column":5}},"line":6}},"branchMap":{},"s":{"0":1,"1":1,"2":1,"3":1,"4":1},"f":{"0":1,"1":1},"b":{},"_coverageSchema":"1a1c01bbd47fc00a2c39e90264f33305004495a9","hash":"86e49a164bacf1db86a57542933e0d1f98d64c66"}
,"C:\\Users\\debor\\Documents\\vegconnect\\vegconnect-backend\\models\\usuario_comum.js": {"path":"C:\\Users\\debor\\Documents\\vegconnect\\vegconnect-backend\\models\\usuario_comum.js","statementMap":{"0":{"start":{"line":2,"column":18},"end":{"line":2,"column":38}},"1":{"start":{"line":4,"column":0},"end":{"line":35,"column":2}},"2":{"start":{"line":7,"column":6},"end":{"line":7,"column":73}},"3":{"start":{"line":11,"column":2},"end":{"line":32,"column":4}},"4":{"start":{"line":34,"column":2},"end":{"line":34,"column":22}}},"fnMap":{"0":{"name":"(anonymous_0)","decl":{"start":{"line":4,"column":17},"end":{"line":4,"column":18}},"loc":{"start":{"line":4,"column":43},"end":{"line":35,"column":1}},"line":4},"1":{"name":"(anonymous_1)","decl":{"start":{"line":6,"column":4},"end":{"line":6,"column":5}},"loc":{"start":{"line":6,"column":29},"end":{"line":8,"column":5}},"line":6}},"branchMap":{},"s":{"0":1,"1":1,"2":1,"3":1,"4":1},"f":{"0":1,"1":1},"b":{},"_coverageSchema":"1a1c01bbd47fc00a2c39e90264f33305004495a9","hash":"9d2daa6a6135fb7a9f4525deccab40307cd17f45"}
,"C:\\Users\\debor\\Documents\\vegconnect\\vegconnect-backend\\routes\\authRoutes.js": {"path":"C:\\Users\\debor\\Documents\\vegconnect\\vegconnect-backend\\routes\\authRoutes.js","statementMap":{"0":{"start":{"line":1,"column":16},"end":{"line":1,"column":34}},"1":{"start":{"line":2,"column":15},"end":{"line":2,"column":31}},"2":{"start":{"line":3,"column":15},"end":{"line":3,"column":32}},"3":{"start":{"line":4,"column":12},"end":{"line":4,"column":35}},"4":{"start":{"line":5,"column":20},"end":{"line":5,"column":40}},"5":{"start":{"line":9,"column":4},"end":{"line":9,"column":44}},"6":{"start":{"line":10,"column":23},"end":{"line":10,"column":63}},"7":{"start":{"line":13,"column":30},"end":{"line":50,"column":1}},"8":{"start":{"line":23,"column":6},"end":{"line":23,"column":14}},"9":{"start":{"line":25,"column":2},"end":{"line":38,"column":3}},"10":{"start":{"line":35,"column":4},"end":{"line":37,"column":63}},"11":{"start":{"line":41,"column":2},"end":{"line":47,"column":3}},"12":{"start":{"line":44,"column":4},"end":{"line":46,"column":7}},"13":{"start":{"line":49,"column":2},"end":{"line":49,"column":9}},"14":{"start":{"line":53,"column":0},"end":{"line":53,"column":59}},"15":{"start":{"line":54,"column":0},"end":{"line":54,"column":48}},"16":{"start":{"line":57,"column":0},"end":{"line":106,"column":3}},"17":{"start":{"line":58,"column":2},"end":{"line":105,"column":3}},"18":{"start":{"line":59,"column":29},"end":{"line":59,"column":37}},"19":{"start":{"line":61,"column":4},"end":{"line":65,"column":5}},"20":{"start":{"line":62,"column":6},"end":{"line":64,"column":65}},"21":{"start":{"line":67,"column":20},"end":{"line":67,"column":63}},"22":{"start":{"line":68,"column":4},"end":{"line":70,"column":5}},"23":{"start":{"line":69,"column":6},"end":{"line":69,"column":69}},"24":{"start":{"line":72,"column":25},"end":{"line":72,"column":67}},"25":{"start":{"line":73,"column":4},"end":{"line":75,"column":5}},"26":{"start":{"line":74,"column":6},"end":{"line":74,"column":63}},"27":{"start":{"line":77,"column":18},"end":{"line":85,"column":5}},"28":{"start":{"line":87,"column":4},"end":{"line":101,"column":7}},"29":{"start":{"line":103,"column":4},"end":{"line":103,"column":49}},"30":{"start":{"line":104,"column":4},"end":{"line":104,"column":63}},"31":{"start":{"line":109,"column":0},"end":{"line":168,"column":3}},"32":{"start":{"line":110,"column":2},"end":{"line":167,"column":3}},"33":{"start":{"line":120,"column":8},"end":{"line":120,"column":16}},"34":{"start":{"line":122,"column":29},"end":{"line":122,"column":72}},"35":{"start":{"line":123,"column":4},"end":{"line":125,"column":5}},"36":{"start":{"line":124,"column":6},"end":{"line":124,"column":68}},"37":{"start":{"line":127,"column":31},"end":{"line":127,"column":59}},"38":{"start":{"line":129,"column":24},"end":{"line":138,"column":6}},"39":{"start":{"line":140,"column":18},"end":{"line":148,"column":5}},"40":{"start":{"line":150,"column":4},"end":{"line":163,"column":7}},"41":{"start":{"line":165,"column":4},"end":{"line":165,"column":55}},"42":{"start":{"line":166,"column":4},"end":{"line":166,"column":63}},"43":{"start":{"line":170,"column":0},"end":{"line":170,"column":24}}},"fnMap":{"0":{"name":"(anonymous_0)","decl":{"start":{"line":13,"column":30},"end":{"line":13,"column":31}},"loc":{"start":{"line":13,"column":50},"end":{"line":50,"column":1}},"line":13},"1":{"name":"(anonymous_1)","decl":{"start":{"line":57,"column":23},"end":{"line":57,"column":24}},"loc":{"start":{"line":57,"column":43},"end":{"line":106,"column":1}},"line":57},"2":{"name":"(anonymous_2)","decl":{"start":{"line":109,"column":46},"end":{"line":109,"column":47}},"loc":{"start":{"line":109,"column":66},"end":{"line":168,"column":1}},"line":109}},"branchMap":{"0":{"loc":{"start":{"line":25,"column":2},"end":{"line":38,"column":3}},"type":"if","locations":[{"start":{"line":25,"column":2},"end":{"line":38,"column":3}},{"start":{},"end":{}}],"line":25},"1":{"loc":{"start":{"line":26,"column":4},"end":{"line":33,"column":13}},"type":"binary-expr","locations":[{"start":{"line":26,"column":4},"end":{"line":26,"column":9}},{"start":{"line":27,"column":4},"end":{"line":27,"column":10}},{"start":{"line":28,"column":4},"end":{"line":28,"column":10}},{"start":{"line":29,"column":4},"end":{"line":29,"column":12}},{"start":{"line":30,"column":4},"end":{"line":30,"column":14}},{"start":{"line":31,"column":4},"end":{"line":31,"column":20}},{"start":{"line":32,"column":4},"end":{"line":32,"column":13}},{"start":{"line":33,"column":4},"end":{"line":33,"column":13}}],"line":26},"2":{"loc":{"start":{"line":41,"column":2},"end":{"line":47,"column":3}},"type":"if","locations":[{"start":{"line":41,"column":2},"end":{"line":47,"column":3}},{"start":{},"end":{}}],"line":41},"3":{"loc":{"start":{"line":61,"column":4},"end":{"line":65,"column":5}},"type":"if","locations":[{"start":{"line":61,"column":4},"end":{"line":65,"column":5}},{"start":{},"end":{}}],"line":61},"4":{"loc":{"start":{"line":61,"column":8},"end":{"line":61,"column":24}},"type":"binary-expr","locations":[{"start":{"line":61,"column":8},"end":{"line":61,"column":14}},{"start":{"line":61,"column":18},"end":{"line":61,"column":24}}],"line":61},"5":{"loc":{"start":{"line":68,"column":4},"end":{"line":70,"column":5}},"type":"if","locations":[{"start":{"line":68,"column":4},"end":{"line":70,"column":5}},{"start":{},"end":{}}],"line":68},"6":{"loc":{"start":{"line":73,"column":4},"end":{"line":75,"column":5}},"type":"if","locations":[{"start":{"line":73,"column":4},"end":{"line":75,"column":5}},{"start":{},"end":{}}],"line":73},"7":{"loc":{"start":{"line":123,"column":4},"end":{"line":125,"column":5}},"type":"if","locations":[{"start":{"line":123,"column":4},"end":{"line":125,"column":5}},{"start":{},"end":{}}],"line":123}},"s":{"0":1,"1":1,"2":1,"3":1,"4":1,"5":1,"6":1,"7":1,"8":0,"9":0,"10":0,"11":0,"12":0,"13":0,"14":1,"15":1,"16":1,"17":0,"18":0,"19":0,"20":0,"21":0,"22":0,"23":0,"24":0,"25":0,"26":0,"27":0,"28":0,"29":0,"30":0,"31":1,"32":0,"33":0,"34":0,"35":0,"36":0,"37":0,"38":0,"39":0,"40":0,"41":0,"42":0,"43":1},"f":{"0":0,"1":0,"2":0},"b":{"0":[0,0],"1":[0,0,0,0,0,0,0,0],"2":[0,0],"3":[0,0],"4":[0,0],"5":[0,0],"6":[0,0],"7":[0,0]},"_coverageSchema":"1a1c01bbd47fc00a2c39e90264f33305004495a9","hash":"8e94221fa6b42d7ce5de02365f0d364b2bad8c13"}
,"C:\\Users\\debor\\Documents\\vegconnect\\vegconnect-backend\\routes\\usuarioRoutes.js": {"path":"C:\\Users\\debor\\Documents\\vegconnect\\vegconnect-backend\\routes\\usuarioRoutes.js","statementMap":{"0":{"start":{"line":1,"column":16},"end":{"line":1,"column":34}},"1":{"start":{"line":2,"column":28},"end":{"line":2,"column":71}},"2":{"start":{"line":3,"column":23},"end":{"line":3,"column":63}},"3":{"start":{"line":4,"column":22},"end":{"line":4,"column":65}},"4":{"start":{"line":5,"column":18},"end":{"line":5,"column":62}},"5":{"start":{"line":6,"column":15},"end":{"line":6,"column":31}},"6":{"start":{"line":8,"column":0},"end":{"line":8,"column":27}},"7":{"start":{"line":11,"column":0},"end":{"line":11,"column":55}},"8":{"start":{"line":14,"column":0},"end":{"line":14,"column":49}},"9":{"start":{"line":17,"column":0},"end":{"line":17,"column":49}},"10":{"start":{"line":19,"column":0},"end":{"line":19,"column":24}}},"fnMap":{},"branchMap":{},"s":{"0":1,"1":1,"2":1,"3":1,"4":1,"5":1,"6":1,"7":1,"8":1,"9":1,"10":1},"f":{},"b":{},"_coverageSchema":"1a1c01bbd47fc00a2c39e90264f33305004495a9","hash":"cba1fc792b1a79afef45de0d5087d54155076128"}
}
