{"total": {"lines":{"total":259,"covered":129,"skipped":0,"pct":49.8},"statements":{"total":259,"covered":129,"skipped":0,"pct":49.8},"functions":{"total":28,"covered":17,"skipped":0,"pct":60.71},"branches":{"total":105,"covered":19,"skipped":0,"pct":18.09},"branchesTrue":{"total":0,"covered":0,"skipped":0,"pct":100}}
,"C:\\Users\\debor\\Documents\\vegconnect\\vegconnect-backend\\app.js": {"lines":{"total":11,"covered":11,"skipped":0,"pct":100},"functions":{"total":0,"covered":0,"skipped":0,"pct":100},"statements":{"total":11,"covered":11,"skipped":0,"pct":100},"branches":{"total":0,"covered":0,"skipped":0,"pct":100}}
,"C:\\Users\\debor\\Documents\\vegconnect\\vegconnect-backend\\config\\config.js": {"lines":{"total":3,"covered":2,"skipped":0,"pct":66.66},"functions":{"total":0,"covered":0,"skipped":0,"pct":100},"statements":{"total":3,"covered":2,"skipped":0,"pct":66.66},"branches":{"total":6,"covered":3,"skipped":0,"pct":50}}
,"C:\\Users\\debor\\Documents\\vegconnect\\vegconnect-backend\\config\\mail.Config.js": {"lines":{"total":3,"covered":3,"skipped":0,"pct":100},"functions":{"total":0,"covered":0,"skipped":0,"pct":100},"statements":{"total":3,"covered":3,"skipped":0,"pct":100},"branches":{"total":0,"covered":0,"skipped":0,"pct":100}}
,"C:\\Users\\debor\\Documents\\vegconnect\\vegconnect-backend\\controllers\\authController.js": {"lines":{"total":67,"covered":11,"skipped":0,"pct":16.41},"functions":{"total":4,"covered":0,"skipped":0,"pct":0},"statements":{"total":67,"covered":11,"skipped":0,"pct":16.41},"branches":{"total":33,"covered":0,"skipped":0,"pct":0}}
,"C:\\Users\\debor\\Documents\\vegconnect\\vegconnect-backend\\controllers\\postagemController.js": {"lines":{"total":25,"covered":16,"skipped":0,"pct":64},"functions":{"total":1,"covered":1,"skipped":0,"pct":100},"statements":{"total":25,"covered":16,"skipped":0,"pct":64},"branches":{"total":17,"covered":10,"skipped":0,"pct":58.82}}
,"C:\\Users\\debor\\Documents\\vegconnect\\vegconnect-backend\\controllers\\usuarioController.js": {"lines":{"total":34,"covered":3,"skipped":0,"pct":8.82},"functions":{"total":3,"covered":0,"skipped":0,"pct":0},"statements":{"total":34,"covered":3,"skipped":0,"pct":8.82},"branches":{"total":18,"covered":0,"skipped":0,"pct":0}}
,"C:\\Users\\debor\\Documents\\vegconnect\\vegconnect-backend\\models\\administrador.js": {"lines":{"total":5,"covered":5,"skipped":0,"pct":100},"functions":{"total":2,"covered":2,"skipped":0,"pct":100},"statements":{"total":5,"covered":5,"skipped":0,"pct":100},"branches":{"total":0,"covered":0,"skipped":0,"pct":100}}
,"C:\\Users\\debor\\Documents\\vegconnect\\vegconnect-backend\\models\\index.js": {"lines":{"total":28,"covered":26,"skipped":0,"pct":92.85},"functions":{"total":5,"covered":4,"skipped":0,"pct":80},"statements":{"total":28,"covered":26,"skipped":0,"pct":92.85},"branches":{"total":9,"covered":6,"skipped":0,"pct":66.66}}
,"C:\\Users\\debor\\Documents\\vegconnect\\vegconnect-backend\\models\\postagem.js": {"lines":{"total":5,"covered":5,"skipped":0,"pct":100},"functions":{"total":2,"covered":2,"skipped":0,"pct":100},"statements":{"total":5,"covered":5,"skipped":0,"pct":100},"branches":{"total":0,"covered":0,"skipped":0,"pct":100}}
,"C:\\Users\\debor\\Documents\\vegconnect\\vegconnect-backend\\models\\usuario.js": {"lines":{"total":8,"covered":8,"skipped":0,"pct":100},"functions":{"total":2,"covered":2,"skipped":0,"pct":100},"statements":{"total":8,"covered":8,"skipped":0,"pct":100},"branches":{"total":0,"covered":0,"skipped":0,"pct":100}}
,"C:\\Users\\debor\\Documents\\vegconnect\\vegconnect-backend\\models\\usuario_chef.js": {"lines":{"total":5,"covered":5,"skipped":0,"pct":100},"functions":{"total":2,"covered":2,"skipped":0,"pct":100},"statements":{"total":5,"covered":5,"skipped":0,"pct":100},"branches":{"total":0,"covered":0,"skipped":0,"pct":100}}
,"C:\\Users\\debor\\Documents\\vegconnect\\vegconnect-backend\\models\\usuario_comerciante.js": {"lines":{"total":5,"covered":5,"skipped":0,"pct":100},"functions":{"total":2,"covered":2,"skipped":0,"pct":100},"statements":{"total":5,"covered":5,"skipped":0,"pct":100},"branches":{"total":0,"covered":0,"skipped":0,"pct":100}}
,"C:\\Users\\debor\\Documents\\vegconnect\\vegconnect-backend\\models\\usuario_comum.js": {"lines":{"total":5,"covered":5,"skipped":0,"pct":100},"functions":{"total":2,"covered":2,"skipped":0,"pct":100},"statements":{"total":5,"covered":5,"skipped":0,"pct":100},"branches":{"total":0,"covered":0,"skipped":0,"pct":100}}
,"C:\\Users\\debor\\Documents\\vegconnect\\vegconnect-backend\\routes\\authRoutes.js": {"lines":{"total":44,"covered":13,"skipped":0,"pct":29.54},"functions":{"total":3,"covered":0,"skipped":0,"pct":0},"statements":{"total":44,"covered":13,"skipped":0,"pct":29.54},"branches":{"total":22,"covered":0,"skipped":0,"pct":0}}
,"C:\\Users\\debor\\Documents\\vegconnect\\vegconnect-backend\\routes\\usuarioRoutes.js": {"lines":{"total":11,"covered":11,"skipped":0,"pct":100},"functions":{"total":0,"covered":0,"skipped":0,"pct":100},"statements":{"total":11,"covered":11,"skipped":0,"pct":100},"branches":{"total":0,"covered":0,"skipped":0,"pct":100}}
}
