TN:
SF:app.js
FNF:0
FNH:0
DA:1,4
DA:2,4
DA:3,4
DA:5,4
DA:6,4
DA:7,4
DA:9,4
DA:11,4
DA:12,4
DA:14,4
DA:15,4
DA:16,4
DA:18,4
LF:13
LH:13
BRF:0
BRH:0
end_of_record
TN:
SF:config\config.js
FNF:0
FNH:0
DA:1,4
DA:2,0
DA:5,4
LF:3
LH:2
BRDA:1,0,0,0
BRDA:1,0,1,4
BRDA:12,1,0,4
BRDA:12,1,1,0
BRDA:38,2,0,4
BRDA:38,2,1,0
BRF:6
BRH:3
end_of_record
TN:
SF:config\mail.Config.js
FNF:0
FNH:0
DA:1,4
DA:3,4
DA:11,4
LF:3
LH:3
BRF:0
BRH:0
end_of_record
TN:
SF:controllers\authController.js
FN:10,(anonymous_0)
FN:53,(anonymous_1)
FN:84,(anonymous_2)
FN:128,(anonymous_3)
FNF:4
FNH:1
FNDA:1,(anonymous_0)
FNDA:0,(anonymous_1)
FNDA:0,(anonymous_2)
FNDA:0,(anonymous_3)
DA:1,4
DA:2,4
DA:3,4
DA:4,4
DA:5,4
DA:6,4
DA:7,4
DA:10,4
DA:11,1
DA:13,1
DA:14,1
DA:16,1
DA:17,0
DA:20,1
DA:21,1
DA:22,1
DA:24,1
DA:29,1
DA:43,1
DA:45,1
DA:47,0
DA:48,0
DA:53,4
DA:54,0
DA:56,0
DA:57,0
DA:64,0
DA:65,0
DA:68,0
DA:70,0
DA:76,0
DA:78,0
DA:79,0
DA:84,4
DA:85,0
DA:87,0
DA:88,0
DA:89,0
DA:94,0
DA:96,0
DA:97,0
DA:100,0
DA:102,0
DA:103,0
DA:106,0
DA:112,0
DA:123,0
DA:124,0
DA:128,4
DA:151,0
DA:153,0
DA:154,0
DA:159,0
DA:160,0
DA:162,0
DA:163,0
DA:167,0
DA:168,0
DA:169,0
DA:173,0
DA:174,0
DA:175,0
DA:181,0
DA:183,0
DA:207,0
DA:220,0
DA:221,0
LF:67
LH:22
BRDA:16,0,0,0
BRDA:16,0,1,1
BRDA:64,1,0,0
BRDA:64,1,1,0
BRDA:88,2,0,0
BRDA:88,2,1,0
BRDA:88,3,0,0
BRDA:88,3,1,0
BRDA:96,4,0,0
BRDA:96,4,1,0
BRDA:102,5,0,0
BRDA:102,5,1,0
BRDA:153,6,0,0
BRDA:153,6,1,0
BRDA:153,7,0,0
BRDA:153,7,1,0
BRDA:153,7,2,0
BRDA:153,7,3,0
BRDA:153,7,4,0
BRDA:162,8,0,0
BRDA:162,8,1,0
BRDA:167,9,0,0
BRDA:167,9,1,0
BRDA:168,10,0,0
BRDA:168,10,1,0
BRDA:168,11,0,0
BRDA:168,11,1,0
BRDA:168,11,2,0
BRDA:168,11,3,0
BRDA:173,12,0,0
BRDA:173,12,1,0
BRDA:174,13,0,0
BRDA:174,13,1,0
BRF:33
BRH:1
end_of_record
TN:
SF:controllers\postagemController.js
FN:4,(anonymous_0)
FN:29,(anonymous_1)
FN:49,(anonymous_2)
FNF:3
FNH:1
FNDA:0,(anonymous_0)
FNDA:0,(anonymous_1)
FNDA:1,(anonymous_2)
DA:1,4
DA:3,4
DA:5,0
DA:6,0
DA:8,0
DA:18,0
DA:19,0
DA:22,0
DA:24,0
DA:25,0
DA:30,0
DA:31,0
DA:42,0
DA:44,0
DA:45,0
DA:50,1
DA:70,1
DA:72,1
DA:75,1
DA:87,1
DA:88,0
DA:94,1
DA:95,0
DA:100,1
DA:104,0
DA:109,1
DA:120,1
DA:122,1
DA:128,1
DA:131,0
DA:137,0
DA:140,0
DA:149,0
DA:153,1
DA:155,1
DA:157,0
DA:158,0
DA:163,4
LF:38
LH:16
BRDA:18,0,0,0
BRDA:18,0,1,0
BRDA:87,1,0,0
BRDA:87,1,1,1
BRDA:94,2,0,0
BRDA:94,2,1,1
BRDA:100,3,0,0
BRDA:100,3,1,1
BRDA:101,4,0,1
BRDA:101,4,1,1
BRDA:112,5,0,1
BRDA:112,5,1,0
BRDA:114,6,0,1
BRDA:114,6,1,0
BRDA:115,7,0,1
BRDA:115,7,1,1
BRDA:120,8,0,1
BRDA:120,8,1,0
BRDA:120,8,2,0
BRF:19
BRH:10
end_of_record
TN:
SF:controllers\usuarioController.js
FN:3,(anonymous_0)
FN:71,(anonymous_1)
FN:93,(anonymous_2)
FNF:3
FNH:0
FNDA:0,(anonymous_0)
FNDA:0,(anonymous_1)
FNDA:0,(anonymous_2)
DA:1,4
DA:3,4
DA:4,0
DA:5,0
DA:25,0
DA:27,0
DA:28,0
DA:30,0
DA:31,0
DA:35,0
DA:36,0
DA:37,0
DA:41,0
DA:42,0
DA:43,0
DA:49,0
DA:70,0
DA:72,0
DA:76,0
DA:78,0
DA:80,0
DA:82,0
DA:86,0
DA:88,0
DA:89,0
DA:93,4
DA:94,0
DA:96,0
DA:97,0
DA:103,0
DA:104,0
DA:107,0
DA:109,0
DA:110,0
LF:34
LH:3
BRDA:30,0,0,0
BRDA:30,0,1,0
BRDA:35,1,0,0
BRDA:35,1,1,0
BRDA:36,2,0,0
BRDA:36,2,1,0
BRDA:36,3,0,0
BRDA:36,3,1,0
BRDA:36,3,2,0
BRDA:36,3,3,0
BRDA:41,4,0,0
BRDA:41,4,1,0
BRDA:42,5,0,0
BRDA:42,5,1,0
BRDA:72,6,0,0
BRDA:72,6,1,0
BRDA:103,7,0,0
BRDA:103,7,1,0
BRF:18
BRH:0
end_of_record
TN:
SF:middlewares\authMiddleware.js
FN:3,(anonymous_0)
FNF:1
FNH:0
FNDA:0,(anonymous_0)
DA:1,3
DA:3,3
DA:4,0
DA:5,0
DA:6,0
DA:9,0
DA:10,0
DA:11,0
DA:14,0
DA:15,0
DA:16,0
DA:17,0
DA:19,0
DA:23,3
LF:14
LH:3
BRDA:5,0,0,0
BRDA:5,0,1,0
BRDA:10,1,0,0
BRDA:10,1,1,0
BRDA:16,2,0,0
BRDA:16,2,1,0
BRF:6
BRH:0
end_of_record
TN:
SF:middlewares\upload.js
FNF:0
FNH:0
DA:1,4
DA:2,4
DA:3,4
DA:5,4
DA:14,4
DA:16,4
LF:6
LH:6
BRF:0
BRH:0
end_of_record
TN:
SF:models\administrador.js
FN:4,(anonymous_0)
FN:6,(anonymous_1)
FNF:2
FNH:2
FNDA:4,(anonymous_0)
FNDA:4,(anonymous_1)
DA:2,4
DA:4,4
DA:7,4
DA:11,4
DA:38,4
LF:5
LH:5
BRF:0
BRH:0
end_of_record
TN:
SF:models\index.js
FN:25,(anonymous_0)
FN:26,(anonymous_1)
FN:38,(anonymous_2)
FN:41,(anonymous_3)
FN:50,(anonymous_4)
FNF:5
FNH:4
FNDA:4,(anonymous_0)
FNDA:0,(anonymous_1)
FNDA:28,(anonymous_2)
FNDA:24,(anonymous_3)
FNDA:24,(anonymous_4)
DA:1,4
DA:2,4
DA:3,4
DA:4,4
DA:6,4
DA:7,4
DA:8,0
DA:11,4
DA:13,4
DA:14,4
DA:16,4
DA:23,4
DA:25,4
DA:26,0
DA:28,4
DA:30,4
DA:32,4
DA:33,4
DA:36,4
DA:39,28
DA:42,24
DA:46,24
DA:50,4
DA:51,24
DA:52,24
DA:57,4
DA:58,4
DA:60,4
LF:28
LH:26
BRDA:6,0,0,4
BRDA:6,0,1,0
BRDA:7,1,0,0
BRDA:7,1,1,4
BRDA:39,2,0,28
BRDA:39,2,1,28
BRDA:39,2,2,24
BRDA:51,3,0,24
BRDA:51,3,1,0
BRF:9
BRH:6
end_of_record
TN:
SF:models\postagem.js
FN:5,(anonymous_0)
FN:7,(anonymous_1)
FNF:2
FNH:2
FNDA:4,(anonymous_0)
FNDA:4,(anonymous_1)
DA:3,4
DA:5,4
DA:8,4
DA:16,4
DA:146,4
LF:5
LH:5
BRF:0
BRH:0
end_of_record
TN:
SF:models\usuario.js
FN:4,(anonymous_0)
FN:6,(anonymous_1)
FNF:2
FNH:2
FNDA:8,(anonymous_0)
FNDA:4,(anonymous_1)
DA:2,4
DA:4,4
DA:7,4
DA:8,4
DA:11,4
DA:12,4
DA:16,8
DA:131,8
LF:8
LH:8
BRF:0
BRH:0
end_of_record
TN:
SF:models\usuario_chef.js
FN:4,(anonymous_0)
FN:6,(anonymous_1)
FNF:2
FNH:2
FNDA:4,(anonymous_0)
FNDA:4,(anonymous_1)
DA:2,4
DA:4,4
DA:7,4
DA:11,4
DA:38,4
LF:5
LH:5
BRF:0
BRH:0
end_of_record
TN:
SF:models\usuario_comerciante.js
FN:4,(anonymous_0)
FN:6,(anonymous_1)
FNF:2
FNH:2
FNDA:4,(anonymous_0)
FNDA:4,(anonymous_1)
DA:2,4
DA:4,4
DA:7,4
DA:13,4
DA:61,4
LF:5
LH:5
BRF:0
BRH:0
end_of_record
TN:
SF:models\usuario_comum.js
FN:4,(anonymous_0)
FN:6,(anonymous_1)
FNF:2
FNH:2
FNDA:4,(anonymous_0)
FNDA:4,(anonymous_1)
DA:2,4
DA:4,4
DA:7,4
DA:11,4
DA:34,4
LF:5
LH:5
BRF:0
BRH:0
end_of_record
TN:
SF:routes\authRoutes.js
FN:13,(anonymous_0)
FN:57,(anonymous_1)
FN:109,(anonymous_2)
FNF:3
FNH:3
FNDA:3,(anonymous_0)
FNDA:3,(anonymous_1)
FNDA:3,(anonymous_2)
DA:1,4
DA:2,4
DA:3,4
DA:4,4
DA:5,4
DA:9,4
DA:10,4
DA:13,4
DA:23,3
DA:25,3
DA:35,0
DA:41,3
DA:44,0
DA:49,3
DA:53,4
DA:54,4
DA:57,4
DA:58,3
DA:59,3
DA:61,3
DA:62,0
DA:67,3
DA:68,3
DA:69,0
DA:72,3
DA:73,3
DA:74,0
DA:77,3
DA:87,3
DA:103,0
DA:104,0
DA:109,4
DA:110,3
DA:120,3
DA:122,3
DA:123,3
DA:124,2
DA:127,1
DA:129,1
DA:140,1
DA:150,1
DA:165,0
DA:166,0
DA:170,4
LF:44
LH:35
BRDA:25,0,0,0
BRDA:25,0,1,3
BRDA:26,1,0,3
BRDA:26,1,1,3
BRDA:26,1,2,3
BRDA:26,1,3,3
BRDA:26,1,4,3
BRDA:26,1,5,3
BRDA:26,1,6,3
BRDA:26,1,7,3
BRDA:41,2,0,0
BRDA:41,2,1,3
BRDA:61,3,0,0
BRDA:61,3,1,3
BRDA:61,4,0,3
BRDA:61,4,1,3
BRDA:68,5,0,0
BRDA:68,5,1,3
BRDA:73,6,0,0
BRDA:73,6,1,3
BRDA:123,7,0,2
BRDA:123,7,1,1
BRF:22
BRH:17
end_of_record
TN:
SF:routes\uploadRoutes.js
FN:5,(anonymous_0)
FN:7,(anonymous_1)
FNF:2
FNH:0
FNDA:0,(anonymous_0)
FNDA:0,(anonymous_1)
DA:1,4
DA:2,4
DA:3,4
DA:5,4
DA:6,0
DA:7,0
DA:8,0
DA:10,0
DA:11,0
DA:15,4
LF:10
LH:5
BRF:0
BRH:0
end_of_record
TN:
SF:routes\usuarioRoutes.js
FNF:0
FNH:0
DA:1,4
DA:2,4
DA:3,4
DA:4,4
DA:5,4
DA:6,4
DA:8,4
DA:10,4
DA:13,4
DA:16,4
DA:19,4
DA:22,4
DA:25,4
DA:27,4
LF:14
LH:14
BRF:0
BRH:0
end_of_record
TN:
SF:services\cloudinary.js
FNF:0
FNH:0
DA:1,4
DA:3,4
DA:9,4
LF:3
LH:3
BRF:0
BRH:0
end_of_record
TN:
SF:tests\setupTestUser.js
FN:4,criarUsuarioTeste
FNF:1
FNH:1
FNDA:2,criarUsuarioTeste
DA:1,2
DA:2,2
DA:5,2
DA:7,2
DA:19,2
DA:24,2
DA:26,2
DA:29,2
LF:8
LH:8
BRF:0
BRH:0
end_of_record
